TN:
SF:src\App.tsx
FNF:0
FNH:0
DA:24,0
LF:1
LH:0
BRF:0
BRH:0
end_of_record
TN:
SF:src\components\BillingDashboard\BillingDashboard.tsx
FN:18,(anonymous_0)
FN:23,(anonymous_1)
FN:24,(anonymous_2)
FN:96,(anonymous_3)
FNF:4
FNH:0
FNDA:0,(anonymous_0)
FNDA:0,(anonymous_1)
FNDA:0,(anonymous_2)
FNDA:0,(anonymous_3)
DA:18,0
DA:19,0
DA:20,0
DA:21,0
DA:23,0
DA:24,0
DA:25,0
DA:26,0
DA:27,0
DA:29,0
DA:31,0
DA:35,0
DA:37,0
DA:38,0
DA:40,0
DA:42,0
DA:46,0
DA:49,0
DA:50,0
DA:52,0
DA:97,0
LF:21
LH:0
BRDA:29,0,0,0
BRDA:29,0,1,0
BRDA:35,1,0,0
BRDA:35,1,1,0
BRDA:49,2,0,0
BRDA:49,2,1,0
BRDA:50,3,0,0
BRDA:50,3,1,0
BRF:8
BRH:0
end_of_record
TN:
SF:src\components\Order\OrderCard.tsx
FN:10,(anonymous_0)
FN:19,(anonymous_1)
FN:61,(anonymous_2)
FNF:3
FNH:0
FNDA:0,(anonymous_0)
FNDA:0,(anonymous_1)
FNDA:0,(anonymous_2)
DA:10,0
DA:11,0
DA:12,0
DA:15,0
DA:18,0
DA:19,0
DA:22,0
DA:23,0
DA:24,0
DA:26,0
DA:27,0
DA:29,0
DA:30,0
DA:31,0
DA:33,0
DA:35,0
DA:36,0
DA:38,0
DA:40,0
DA:50,0
DA:52,0
DA:53,0
DA:54,0
DA:57,0
DA:62,0
DA:94,0
DA:95,0
DA:99,0
LF:28
LH:0
BRDA:12,0,0,0
BRDA:12,0,1,0
BRDA:19,1,0,0
BRDA:19,1,1,0
BRDA:24,2,0,0
BRDA:24,2,1,0
BRDA:26,3,0,0
BRDA:26,3,1,0
BRDA:27,4,0,0
BRDA:27,4,1,0
BRDA:29,5,0,0
BRDA:29,5,1,0
BRDA:31,6,0,0
BRDA:31,6,1,0
BRDA:31,7,0,0
BRDA:31,7,1,0
BRDA:33,8,0,0
BRDA:33,8,1,0
BRDA:35,9,0,0
BRDA:35,9,1,0
BRDA:35,10,0,0
BRDA:35,10,1,0
BRDA:36,11,0,0
BRDA:36,11,1,0
BRDA:40,12,0,0
BRDA:40,12,1,0
BRDA:50,13,0,0
BRDA:50,13,1,0
BRDA:52,14,0,0
BRDA:52,14,1,0
BRDA:52,15,0,0
BRDA:52,15,1,0
BRDA:52,16,0,0
BRDA:52,16,1,0
BRDA:53,17,0,0
BRDA:53,17,1,0
BRDA:53,18,0,0
BRDA:53,18,1,0
BRDA:53,18,2,0
BRDA:54,19,0,0
BRDA:54,19,1,0
BRDA:54,20,0,0
BRDA:54,20,1,0
BRDA:54,20,2,0
BRDA:54,20,3,0
BRDA:57,21,0,0
BRDA:57,21,1,0
BRDA:66,22,0,0
BRDA:66,22,1,0
BRDA:94,23,0,0
BRDA:94,23,1,0
BRDA:94,24,0,0
BRDA:94,24,1,0
BRF:53
BRH:0
end_of_record
TN:
SF:src\components\cart\Cart.tsx
FN:15,(anonymous_0)
FN:98,(anonymous_1)
FN:99,(anonymous_2)
FN:145,(anonymous_3)
FN:160,(anonymous_4)
FN:174,(anonymous_5)
FN:220,(anonymous_6)
FN:234,(anonymous_7)
FN:15,_temp
FNF:9
FNH:0
FNDA:0,(anonymous_0)
FNDA:0,(anonymous_1)
FNDA:0,(anonymous_2)
FNDA:0,(anonymous_3)
FNDA:0,(anonymous_4)
FNDA:0,(anonymous_5)
FNDA:0,(anonymous_6)
FNDA:0,(anonymous_7)
FNDA:0,_temp
DA:15,0
DA:16,0
DA:29,0
DA:30,0
DA:35,0
DA:38,0
DA:39,0
DA:42,0
DA:44,0
DA:46,0
DA:47,0
DA:50,0
DA:51,0
DA:52,0
DA:54,0
DA:57,0
DA:58,0
DA:59,0
DA:60,0
DA:62,0
DA:64,0
DA:65,0
DA:70,0
DA:71,0
DA:72,0
DA:75,0
DA:99,0
DA:100,0
DA:103,0
DA:107,0
DA:146,0
DA:161,0
DA:174,0
DA:187,0
DA:188,0
DA:221,0
DA:222,0
DA:223,0
DA:224,0
DA:225,0
DA:226,0
DA:227,0
DA:235,0
DA:238,0
DA:239,0
DA:240,0
DA:241,0
DA:242,0
DA:307,0
DA:308,0
DA:309,0
DA:310,0
LF:52
LH:0
BRDA:30,0,0,0
BRDA:30,0,1,0
BRDA:30,1,0,0
BRDA:30,1,1,0
BRDA:30,1,2,0
BRDA:30,1,3,0
BRDA:30,1,4,0
BRDA:30,1,5,0
BRDA:30,1,6,0
BRDA:30,1,7,0
BRDA:30,1,8,0
BRDA:30,1,9,0
BRDA:30,1,10,0
BRDA:30,1,11,0
BRDA:30,1,12,0
BRDA:30,1,13,0
BRDA:30,1,14,0
BRDA:30,1,15,0
BRDA:30,1,16,0
BRDA:39,2,0,0
BRDA:39,2,1,0
BRDA:45,3,0,0
BRDA:45,3,1,0
BRDA:46,4,0,0
BRDA:46,4,1,0
BRDA:46,5,0,0
BRDA:46,5,1,0
BRDA:53,6,0,0
BRDA:53,6,1,0
BRDA:54,7,0,0
BRDA:54,7,1,0
BRDA:62,8,0,0
BRDA:62,8,1,0
BRDA:62,9,0,0
BRDA:62,9,1,0
BRDA:62,10,0,0
BRDA:62,10,1,0
BRDA:64,11,0,0
BRDA:64,11,1,0
BRDA:70,12,0,0
BRDA:70,12,1,0
BRDA:71,13,0,0
BRDA:71,13,1,0
BRDA:71,14,0,0
BRDA:71,14,1,0
BRDA:72,15,0,0
BRDA:72,15,1,0
BRDA:72,16,0,0
BRDA:72,16,1,0
BRDA:72,16,2,0
BRDA:72,16,3,0
BRDA:72,16,4,0
BRDA:72,16,5,0
BRDA:76,17,0,0
BRDA:76,17,1,0
BRDA:103,18,0,0
BRDA:103,18,1,0
BRDA:105,19,0,0
BRDA:105,19,1,0
BRDA:106,20,0,0
BRDA:106,20,1,0
BRDA:188,21,0,0
BRDA:188,21,1,0
BRDA:196,22,0,0
BRDA:196,22,1,0
BRDA:221,23,0,0
BRDA:221,23,1,0
BRDA:262,24,0,0
BRDA:262,24,1,0
BRDA:266,25,0,0
BRDA:266,25,1,0
BRDA:277,26,0,0
BRDA:277,26,1,0
BRDA:282,27,0,0
BRDA:282,27,1,0
BRDA:294,28,0,0
BRDA:294,28,1,0
BRDA:307,29,0,0
BRDA:307,29,1,0
BRDA:307,30,0,0
BRDA:307,30,1,0
BRDA:307,30,2,0
BRDA:307,30,3,0
BRDA:308,31,0,0
BRDA:308,31,1,0
BRDA:308,32,0,0
BRDA:308,32,1,0
BRDA:309,33,0,0
BRDA:309,33,1,0
BRDA:309,34,0,0
BRDA:309,34,1,0
BRDA:309,34,2,0
BRF:92
BRH:0
end_of_record
TN:
SF:src\components\common\button\button.tsx
FN:9,(anonymous_0)
FNF:1
FNH:0
FNDA:0,(anonymous_0)
DA:9,0
DA:11,0
DA:14,0
DA:16,0
DA:17,0
LF:5
LH:0
BRDA:9,0,0,0
BRDA:9,0,1,0
BRDA:9,1,0,0
BRDA:9,1,1,0
BRDA:14,2,0,0
BRDA:14,2,1,0
BRDA:16,3,0,0
BRDA:16,3,1,0
BRDA:16,4,0,0
BRDA:16,4,1,0
BRDA:16,5,0,0
BRDA:16,5,1,0
BRDA:16,5,2,0
BRDA:16,5,3,0
BRF:14
BRH:0
end_of_record
TN:
SF:src\components\common\error\ErrorFallback.tsx
FN:6,(anonymous_0)
FN:11,(anonymous_1)
FN:12,(anonymous_2)
FN:71,(anonymous_3)
FNF:4
FNH:0
FNDA:0,(anonymous_0)
FNDA:0,(anonymous_1)
FNDA:0,(anonymous_2)
FNDA:0,(anonymous_3)
DA:6,0
DA:11,0
DA:12,0
DA:13,0
DA:14,0
DA:15,0
DA:18,0
DA:31,0
DA:38,0
DA:41,0
DA:71,0
LF:11
LH:0
BRDA:15,0,0,0
BRDA:15,0,1,0
BRDA:22,1,0,0
BRDA:22,1,1,0
BRDA:23,2,0,0
BRDA:23,2,1,0
BRDA:55,3,0,0
BRDA:55,3,1,0
BRF:8
BRH:0
end_of_record
TN:
SF:src\components\common\input\input.tsx
FN:13,(anonymous_0)
FNF:1
FNH:0
FNDA:0,(anonymous_0)
DA:13,0
DA:14,0
DA:15,0
DA:16,0
DA:18,0
DA:19,0
DA:20,0
DA:21,0
DA:22,0
DA:25,0
DA:26,0
DA:28,0
DA:33,0
DA:34,0
DA:36,0
DA:41,0
DA:45,0
DA:46,0
DA:50,0
DA:51,0
DA:52,0
LF:21
LH:0
BRDA:22,0,0,0
BRDA:22,0,1,0
BRDA:16,1,0,0
BRDA:16,1,1,0
BRDA:16,2,0,0
BRDA:16,2,1,0
BRDA:18,3,0,0
BRDA:18,3,1,0
BRDA:19,4,0,0
BRDA:19,4,1,0
BRDA:20,5,0,0
BRDA:20,5,1,0
BRDA:21,6,0,0
BRDA:21,6,1,0
BRDA:21,7,0,0
BRDA:21,7,1,0
BRDA:25,8,0,0
BRDA:25,8,1,0
BRDA:26,9,0,0
BRDA:26,9,1,0
BRDA:26,10,0,0
BRDA:26,10,1,0
BRDA:34,11,0,0
BRDA:34,11,1,0
BRDA:34,12,0,0
BRDA:34,12,1,0
BRDA:45,13,0,0
BRDA:45,13,1,0
BRDA:45,14,0,0
BRDA:45,14,1,0
BRDA:45,15,0,0
BRDA:45,15,1,0
BRDA:45,15,2,0
BRDA:46,16,0,0
BRDA:46,16,1,0
BRDA:50,17,0,0
BRDA:50,17,1,0
BRDA:50,18,0,0
BRDA:50,18,1,0
BRDA:50,18,2,0
BRDA:51,19,0,0
BRDA:51,19,1,0
BRDA:51,20,0,0
BRDA:51,20,1,0
BRDA:51,20,2,0
BRF:45
BRH:0
end_of_record
TN:
SF:src\components\header\Header.tsx
FN:13,(anonymous_0)
FN:19,(anonymous_1)
FN:33,(anonymous_2)
FN:35,(anonymous_3)
FN:64,(anonymous_4)
FN:73,(anonymous_5)
FN:82,(anonymous_6)
FN:91,(anonymous_7)
FN:100,(anonymous_8)
FN:162,(anonymous_9)
FN:163,(anonymous_10)
FNF:11
FNH:0
FNDA:0,(anonymous_0)
FNDA:0,(anonymous_1)
FNDA:0,(anonymous_2)
FNDA:0,(anonymous_3)
FNDA:0,(anonymous_4)
FNDA:0,(anonymous_5)
FNDA:0,(anonymous_6)
FNDA:0,(anonymous_7)
FNDA:0,(anonymous_8)
FNDA:0,(anonymous_9)
FNDA:0,(anonymous_10)
DA:13,0
DA:14,0
DA:15,0
DA:16,0
DA:17,0
DA:19,0
DA:23,0
DA:24,0
DA:27,0
DA:28,0
DA:29,0
DA:31,0
DA:33,0
DA:34,0
DA:35,0
DA:37,0
DA:40,0
DA:43,0
DA:46,0
DA:48,0
DA:50,0
DA:58,0
DA:61,0
DA:62,0
DA:64,0
DA:65,0
DA:66,0
DA:67,0
DA:70,0
DA:71,0
DA:73,0
DA:74,0
DA:75,0
DA:76,0
DA:79,0
DA:80,0
DA:82,0
DA:83,0
DA:84,0
DA:85,0
DA:88,0
DA:89,0
DA:91,0
DA:92,0
DA:93,0
DA:94,0
DA:97,0
DA:98,0
DA:100,0
DA:101,0
DA:102,0
DA:103,0
DA:106,0
DA:107,0
DA:108,0
DA:111,0
DA:113,0
DA:137,0
DA:140,0
DA:143,0
DA:149,0
DA:152,0
DA:156,0
DA:157,0
DA:160,0
DA:162,0
DA:163,0
DA:177,0
DA:178,0
DA:180,0
LF:70
LH:0
BRDA:17,0,0,0
BRDA:17,0,1,0
BRDA:28,1,0,0
BRDA:28,1,1,0
BRDA:31,2,0,0
BRDA:31,2,1,0
BRDA:34,3,0,0
BRDA:34,3,1,0
BRDA:37,4,0,0
BRDA:37,4,1,0
BRDA:40,5,0,0
BRDA:40,5,1,0
BRDA:40,6,0,0
BRDA:40,6,1,0
BRDA:50,7,0,0
BRDA:50,7,1,0
BRDA:58,8,0,0
BRDA:58,8,1,0
BRDA:58,9,0,0
BRDA:58,9,1,0
BRDA:67,10,0,0
BRDA:67,10,1,0
BRDA:67,11,0,0
BRDA:67,11,1,0
BRDA:67,12,0,0
BRDA:67,12,1,0
BRDA:70,13,0,0
BRDA:70,13,1,0
BRDA:70,14,0,0
BRDA:70,14,1,0
BRDA:76,15,0,0
BRDA:76,15,1,0
BRDA:76,16,0,0
BRDA:76,16,1,0
BRDA:76,17,0,0
BRDA:76,17,1,0
BRDA:79,18,0,0
BRDA:79,18,1,0
BRDA:79,19,0,0
BRDA:79,19,1,0
BRDA:85,20,0,0
BRDA:85,20,1,0
BRDA:85,21,0,0
BRDA:85,21,1,0
BRDA:85,22,0,0
BRDA:85,22,1,0
BRDA:88,23,0,0
BRDA:88,23,1,0
BRDA:88,24,0,0
BRDA:88,24,1,0
BRDA:94,25,0,0
BRDA:94,25,1,0
BRDA:94,26,0,0
BRDA:94,26,1,0
BRDA:94,27,0,0
BRDA:94,27,1,0
BRDA:97,28,0,0
BRDA:97,28,1,0
BRDA:97,29,0,0
BRDA:97,29,1,0
BRDA:103,30,0,0
BRDA:103,30,1,0
BRDA:103,31,0,0
BRDA:103,31,1,0
BRDA:103,32,0,0
BRDA:103,32,1,0
BRDA:106,33,0,0
BRDA:106,33,1,0
BRDA:107,34,0,0
BRDA:107,34,1,0
BRDA:107,35,0,0
BRDA:107,35,1,0
BRDA:107,35,2,0
BRDA:107,35,3,0
BRDA:107,35,4,0
BRDA:108,36,0,0
BRDA:108,36,1,0
BRDA:108,37,0,0
BRDA:108,37,1,0
BRDA:108,37,2,0
BRDA:108,37,3,0
BRDA:113,38,0,0
BRDA:113,38,1,0
BRDA:137,39,0,0
BRDA:137,39,1,0
BRDA:140,40,0,0
BRDA:140,40,1,0
BRDA:149,41,0,0
BRDA:149,41,1,0
BRDA:152,42,0,0
BRDA:152,42,1,0
BRDA:156,43,0,0
BRDA:156,43,1,0
BRDA:156,44,0,0
BRDA:156,44,1,0
BRDA:157,45,0,0
BRDA:157,45,1,0
BRDA:157,46,0,0
BRDA:157,46,1,0
BRDA:157,46,2,0
BRDA:160,47,0,0
BRDA:160,47,1,0
BRDA:171,48,0,0
BRDA:171,48,1,0
BRDA:177,49,0,0
BRDA:177,49,1,0
BRDA:177,50,0,0
BRDA:177,50,1,0
BRDA:177,50,2,0
BRDA:178,51,0,0
BRDA:178,51,1,0
BRDA:178,52,0,0
BRDA:178,52,1,0
BRF:113
BRH:0
end_of_record
TN:
SF:src\components\layout\layout.tsx
FN:6,(anonymous_0)
FN:12,(anonymous_1)
FN:13,(anonymous_2)
FN:20,(anonymous_3)
FNF:4
FNH:0
FNDA:0,(anonymous_0)
FNDA:0,(anonymous_1)
FNDA:0,(anonymous_2)
FNDA:0,(anonymous_3)
DA:6,0
DA:7,0
DA:8,0
DA:10,0
DA:11,0
DA:12,0
DA:13,0
DA:14,0
DA:15,0
DA:18,0
DA:20,0
DA:21,0
DA:22,0
LF:13
LH:0
BRDA:8,0,0,0
BRDA:8,0,1,0
BRDA:12,1,0,0
BRDA:12,1,1,0
BRDA:14,2,0,0
BRDA:14,2,1,0
BRDA:15,3,0,0
BRDA:15,3,1,0
BRDA:20,4,0,0
BRDA:20,4,1,0
BRDA:21,5,0,0
BRDA:21,5,1,0
BRDA:21,6,0,0
BRDA:21,6,1,0
BRF:14
BRH:0
end_of_record
TN:
SF:src\contexts\AuthContext.tsx
FN:27,(anonymous_0)
FN:34,(anonymous_1)
FN:36,(anonymous_2)
FN:52,(anonymous_3)
FN:27,_temp
FNF:5
FNH:0
FNDA:0,(anonymous_0)
FNDA:0,(anonymous_1)
FNDA:0,(anonymous_2)
FNDA:0,(anonymous_3)
FNDA:0,_temp
DA:23,0
DA:27,0
DA:30,0
DA:31,0
DA:32,0
DA:34,0
DA:36,0
DA:37,0
DA:38,0
DA:39,0
DA:40,0
DA:41,0
DA:42,0
DA:46,0
DA:49,0
DA:51,0
DA:52,0
DA:54,0
DA:55,0
DA:57,0
DA:58,0
DA:59,0
DA:60,0
DA:61,0
DA:68,0
DA:69,0
DA:73,0
DA:74,0
DA:77,0
DA:78,0
DA:82,0
DA:83,0
DA:84,0
DA:91,0
DA:94,0
LF:35
LH:0
BRDA:31,0,0,0
BRDA:31,0,1,0
BRDA:32,1,0,0
BRDA:32,1,1,0
BRDA:37,2,0,0
BRDA:37,2,1,0
BRDA:84,3,0,0
BRDA:84,3,1,0
BRDA:84,4,0,0
BRDA:84,4,1,0
BRDA:84,4,2,0
BRDA:91,5,0,0
BRDA:91,5,1,0
BRDA:91,6,0,0
BRDA:91,6,1,0
BRF:15
BRH:0
end_of_record
TN:
SF:src\contexts\CartContext.tsx
FN:30,(anonymous_0)
FN:39,(anonymous_1)
FN:40,(anonymous_2)
FN:60,(anonymous_3)
FN:83,(anonymous_4)
FN:84,(anonymous_5)
FN:119,(anonymous_6)
FN:120,(anonymous_7)
FN:129,(anonymous_8)
FN:132,(anonymous_9)
FN:164,(anonymous_10)
FN:179,(anonymous_11)
FN:183,(anonymous_12)
FN:193,(anonymous_13)
FNF:14
FNH:0
FNDA:0,(anonymous_0)
FNDA:0,(anonymous_1)
FNDA:0,(anonymous_2)
FNDA:0,(anonymous_3)
FNDA:0,(anonymous_4)
FNDA:0,(anonymous_5)
FNDA:0,(anonymous_6)
FNDA:0,(anonymous_7)
FNDA:0,(anonymous_8)
FNDA:0,(anonymous_9)
FNDA:0,(anonymous_10)
FNDA:0,(anonymous_11)
FNDA:0,(anonymous_12)
FNDA:0,(anonymous_13)
DA:26,0
DA:30,0
DA:33,0
DA:34,0
DA:35,0
DA:36,0
DA:39,0
DA:40,0
DA:41,0
DA:42,0
DA:43,0
DA:44,0
DA:45,0
DA:47,0
DA:49,0
DA:52,0
DA:56,0
DA:60,0
DA:61,0
DA:62,0
DA:63,0
DA:64,0
DA:66,0
DA:83,0
DA:84,0
DA:85,0
DA:87,0
DA:89,0
DA:90,0
DA:91,0
DA:95,0
DA:96,0
DA:99,0
DA:102,0
DA:105,0
DA:106,0
DA:109,0
DA:112,0
DA:115,0
DA:119,0
DA:120,0
DA:121,0
DA:123,0
DA:129,0
DA:131,0
DA:132,0
DA:133,0
DA:135,0
DA:136,0
DA:139,0
DA:143,0
DA:144,0
DA:146,0
DA:147,0
DA:148,0
DA:151,0
DA:152,0
DA:156,0
DA:157,0
DA:160,0
DA:164,0
DA:165,0
DA:168,0
DA:170,0
DA:174,0
DA:179,0
DA:180,0
DA:183,0
DA:184,0
DA:185,0
DA:186,0
DA:188,0
DA:189,0
DA:193,0
DA:194,0
DA:197,0
LF:76
LH:0
BRDA:41,0,0,0
BRDA:41,0,1,0
BRDA:62,1,0,0
BRDA:62,1,1,0
BRDA:83,2,0,0
BRDA:89,3,0,0
BRDA:89,3,1,0
BRDA:95,4,0,0
BRDA:95,4,1,0
BRDA:105,5,0,0
BRDA:105,5,1,0
BRDA:131,6,0,0
BRDA:131,6,1,0
BRDA:146,7,0,0
BRDA:146,7,1,0
BRDA:152,8,0,0
BRDA:152,8,1,0
BRDA:156,9,0,0
BRDA:156,9,1,0
BRDA:165,10,0,0
BRDA:165,10,1,0
BRF:21
BRH:0
end_of_record
TN:
SF:src\contexts\FilterContext.tsx
FN:15,(anonymous_0)
FN:27,(anonymous_1)
FNF:2
FNH:0
FNDA:0,(anonymous_0)
FNDA:0,(anonymous_1)
DA:13,0
DA:15,0
DA:16,0
DA:17,0
DA:20,0
DA:22,0
DA:27,0
DA:28,0
DA:29,0
LF:9
LH:0
BRDA:17,0,0,0
BRDA:17,0,1,0
BRDA:17,1,0,0
BRDA:17,1,1,0
BRDA:20,2,0,0
BRDA:20,2,1,0
BRDA:20,3,0,0
BRDA:20,3,1,0
BRDA:29,4,0,0
BRDA:29,4,1,0
BRF:10
BRH:0
end_of_record
TN:
SF:src\hooks\useAuth.ts
FN:5,(anonymous_0)
FN:5,_temp
FNF:2
FNH:0
FNDA:0,(anonymous_0)
FNDA:0,_temp
DA:5,0
DA:6,0
DA:8,0
DA:9,0
DA:12,0
DA:13,0
DA:14,0
DA:15,0
DA:16,0
DA:17,0
DA:19,0
DA:21,0
DA:30,0
LF:13
LH:0
BRDA:8,0,0,0
BRDA:8,0,1,0
BRDA:19,1,0,0
BRDA:19,1,1,0
BRDA:19,2,0,0
BRDA:19,2,1,0
BRDA:19,2,2,0
BRDA:19,2,3,0
BRDA:19,2,4,0
BRDA:19,2,5,0
BRDA:19,2,6,0
BRF:11
BRH:0
end_of_record
TN:
SF:src\hooks\useCart.ts
FN:6,(anonymous_0)
FN:16,(anonymous_1)
FN:30,(anonymous_2)
FN:39,(anonymous_3)
FN:44,(anonymous_4)
FN:56,(anonymous_5)
FN:6,_temp
FNF:7
FNH:0
FNDA:0,(anonymous_0)
FNDA:0,(anonymous_1)
FNDA:0,(anonymous_2)
FNDA:0,(anonymous_3)
FNDA:0,(anonymous_4)
FNDA:0,(anonymous_5)
FNDA:0,_temp
DA:6,0
DA:7,0
DA:9,0
DA:10,0
DA:13,0
DA:16,0
DA:17,0
DA:18,0
DA:21,0
DA:26,0
DA:30,0
DA:31,0
DA:32,0
DA:35,0
DA:36,0
DA:39,0
DA:40,0
DA:41,0
DA:44,0
DA:45,0
DA:46,0
DA:48,0
DA:50,0
DA:54,0
DA:56,0
DA:57,0
DA:58,0
DA:60,0
DA:66,0
DA:71,0
DA:72,0
DA:73,0
DA:74,0
LF:33
LH:0
BRDA:9,0,0,0
BRDA:9,0,1,0
BRDA:13,1,0,0
BRDA:13,1,1,0
BRDA:26,2,0,0
BRDA:26,2,1,0
BRDA:30,3,0,0
BRDA:30,3,1,0
BRDA:31,4,0,0
BRDA:31,4,1,0
BRDA:36,5,0,0
BRDA:36,5,1,0
BRDA:41,6,0,0
BRDA:41,6,1,0
BRDA:41,7,0,0
BRDA:41,7,1,0
BRDA:45,8,0,0
BRDA:45,8,1,0
BRDA:48,9,0,0
BRDA:48,9,1,0
BRDA:53,10,0,0
BRDA:53,10,1,0
BRDA:54,11,0,0
BRDA:54,11,1,0
BRDA:54,12,0,0
BRDA:54,12,1,0
BRDA:58,13,0,0
BRDA:58,13,1,0
BRDA:71,14,0,0
BRDA:71,14,1,0
BRDA:73,15,0,0
BRDA:73,15,1,0
BRDA:73,16,0,0
BRDA:73,16,1,0
BRDA:73,16,2,0
BRDA:73,16,3,0
BRDA:73,16,4,0
BRDA:73,16,5,0
BRDA:73,16,6,0
BRDA:73,16,7,0
BRDA:73,16,8,0
BRDA:73,16,9,0
BRDA:73,16,10,0
BRDA:73,16,11,0
BRF:44
BRH:0
end_of_record
TN:
SF:src\hooks\useCheckout.ts
FN:6,(anonymous_0)
FN:15,(anonymous_1)
FNF:2
FNH:0
FNDA:0,(anonymous_0)
FNDA:0,(anonymous_1)
DA:6,0
DA:7,0
DA:9,0
DA:10,0
DA:12,0
DA:13,0
DA:15,0
DA:16,0
DA:17,0
DA:18,0
DA:21,0
DA:22,0
DA:23,0
DA:26,0
DA:27,0
DA:29,0
DA:31,0
DA:34,0
DA:36,0
DA:39,0
DA:40,0
DA:44,0
DA:45,0
DA:48,0
DA:52,0
LF:25
LH:0
BRDA:16,0,0,0
BRDA:16,0,1,0
BRDA:16,1,0,0
BRDA:16,1,1,0
BRDA:21,2,0,0
BRDA:21,2,1,0
BRDA:36,3,0,0
BRDA:36,3,1,0
BRDA:39,4,0,0
BRDA:39,4,1,0
BRDA:44,5,0,0
BRDA:44,5,1,0
BRF:12
BRH:0
end_of_record
TN:
SF:src\hooks\useOrders.ts
FN:6,(anonymous_0)
FN:12,(anonymous_1)
FN:36,(anonymous_2)
FNF:3
FNH:0
FNDA:0,(anonymous_0)
FNDA:0,(anonymous_1)
FNDA:0,(anonymous_2)
DA:6,0
DA:7,0
DA:8,0
DA:9,0
DA:10,0
DA:12,0
DA:13,0
DA:14,0
DA:15,0
DA:16,0
DA:19,0
DA:20,0
DA:22,0
DA:23,0
DA:24,0
DA:26,0
DA:27,0
DA:29,0
DA:32,0
DA:36,0
DA:37,0
DA:40,0
LF:22
LH:0
BRDA:13,0,0,0
BRDA:13,0,1,0
BRDA:13,1,0,0
BRDA:13,1,1,0
BRDA:26,2,0,0
BRDA:26,2,1,0
BRF:6
BRH:0
end_of_record
TN:
SF:src\hooks\useProductDetails.ts
FN:5,(anonymous_0)
FN:10,(anonymous_1)
FN:33,(anonymous_2)
FNF:3
FNH:0
FNDA:0,(anonymous_0)
FNDA:0,(anonymous_1)
FNDA:0,(anonymous_2)
DA:5,0
DA:6,0
DA:7,0
DA:8,0
DA:10,0
DA:11,0
DA:12,0
DA:13,0
DA:14,0
DA:17,0
DA:18,0
DA:19,0
DA:20,0
DA:21,0
DA:23,0
DA:24,0
DA:26,0
DA:29,0
DA:33,0
DA:34,0
DA:37,0
LF:21
LH:0
BRDA:11,0,0,0
BRDA:11,0,1,0
BRDA:23,1,0,0
BRDA:23,1,1,0
BRF:4
BRH:0
end_of_record
TN:
SF:src\hooks\useProducts.ts
FN:5,(anonymous_0)
FN:10,(anonymous_1)
FN:28,(anonymous_2)
FNF:3
FNH:3
FNDA:4,(anonymous_0)
FNDA:2,(anonymous_1)
FNDA:2,(anonymous_2)
DA:5,1
DA:6,4
DA:7,4
DA:8,4
DA:10,4
DA:11,2
DA:12,2
DA:13,2
DA:14,2
DA:15,1
DA:17,1
DA:18,1
DA:20,0
DA:23,2
DA:28,4
DA:29,2
DA:32,4
LF:17
LH:16
BRDA:17,0,0,1
BRDA:17,0,1,0
BRF:2
BRH:1
end_of_record
TN:
SF:src\pages\CancelPage.tsx
FN:5,(anonymous_0)
FN:32,(anonymous_1)
FNF:2
FNH:0
FNDA:0,(anonymous_0)
FNDA:0,(anonymous_1)
DA:5,0
DA:6,0
DA:9,0
DA:13,0
DA:18,0
DA:21,0
DA:26,0
DA:30,0
DA:32,0
DA:35,0
DA:37,0
DA:39,0
DA:45,0
DA:49,0
LF:14
LH:0
BRDA:6,0,0,0
BRDA:6,0,1,0
BRDA:26,1,0,0
BRDA:26,1,1,0
BRDA:32,2,0,0
BRDA:32,2,1,0
BRDA:35,3,0,0
BRDA:35,3,1,0
BRDA:37,4,0,0
BRDA:37,4,1,0
BRDA:45,5,0,0
BRDA:45,5,1,0
BRF:12
BRH:0
end_of_record
TN:
SF:src\pages\SuccessPage.tsx
FN:6,(anonymous_0)
FN:15,(anonymous_1)
FN:56,(anonymous_2)
FN:65,(anonymous_3)
FNF:4
FNH:0
FNDA:0,(anonymous_0)
FNDA:0,(anonymous_1)
FNDA:0,(anonymous_2)
FNDA:0,(anonymous_3)
DA:6,0
DA:7,0
DA:8,0
DA:9,0
DA:11,0
DA:15,0
DA:16,0
DA:17,0
DA:20,0
DA:24,0
DA:26,0
DA:29,0
DA:34,0
DA:37,0
DA:39,0
DA:42,0
DA:47,0
DA:50,0
DA:53,0
DA:54,0
DA:56,0
DA:59,0
DA:61,0
DA:63,0
DA:65,0
DA:69,0
DA:70,0
DA:71,0
DA:74,0
LF:29
LH:0
BRDA:9,0,0,0
BRDA:9,0,1,0
BRDA:11,1,0,0
BRDA:11,1,1,0
BRDA:17,2,0,0
BRDA:17,2,1,0
BRDA:26,3,0,0
BRDA:26,3,1,0
BRDA:39,4,0,0
BRDA:39,4,1,0
BRDA:42,5,0,0
BRDA:42,5,1,0
BRDA:47,6,0,0
BRDA:47,6,1,0
BRDA:50,7,0,0
BRDA:50,7,1,0
BRDA:56,8,0,0
BRDA:56,8,1,0
BRDA:59,9,0,0
BRDA:59,9,1,0
BRDA:61,10,0,0
BRDA:61,10,1,0
BRDA:65,11,0,0
BRDA:65,11,1,0
BRDA:69,12,0,0
BRDA:69,12,1,0
BRDA:70,13,0,0
BRDA:70,13,1,0
BRDA:70,14,0,0
BRDA:70,14,1,0
BRDA:71,15,0,0
BRDA:71,15,1,0
BRDA:71,16,0,0
BRDA:71,16,1,0
BRF:34
BRH:0
end_of_record
TN:
SF:src\pages\AdminDashboard\AdminDashboardPages.tsx
FN:28,(anonymous_0)
FN:42,(anonymous_1)
FN:44,(anonymous_2)
FN:48,(anonymous_3)
FN:49,(anonymous_4)
FN:55,(anonymous_5)
FN:60,(anonymous_6)
FN:62,(anonymous_7)
FN:71,(anonymous_8)
FN:100,(anonymous_9)
FN:197,(anonymous_10)
FN:203,(anonymous_11)
FN:233,(anonymous_12)
FN:298,(anonymous_13)
FN:313,(anonymous_14)
FN:339,(anonymous_15)
FN:360,(anonymous_16)
FN:379,(anonymous_17)
FN:401,(anonymous_18)
FN:419,(anonymous_19)
FN:438,(anonymous_20)
FN:477,(anonymous_21)
FNF:22
FNH:0
FNDA:0,(anonymous_0)
FNDA:0,(anonymous_1)
FNDA:0,(anonymous_2)
FNDA:0,(anonymous_3)
FNDA:0,(anonymous_4)
FNDA:0,(anonymous_5)
FNDA:0,(anonymous_6)
FNDA:0,(anonymous_7)
FNDA:0,(anonymous_8)
FNDA:0,(anonymous_9)
FNDA:0,(anonymous_10)
FNDA:0,(anonymous_11)
FNDA:0,(anonymous_12)
FNDA:0,(anonymous_13)
FNDA:0,(anonymous_14)
FNDA:0,(anonymous_15)
FNDA:0,(anonymous_16)
FNDA:0,(anonymous_17)
FNDA:0,(anonymous_18)
FNDA:0,(anonymous_19)
FNDA:0,(anonymous_20)
FNDA:0,(anonymous_21)
DA:28,0
DA:29,0
DA:30,0
DA:31,0
DA:34,0
DA:35,0
DA:36,0
DA:39,0
DA:40,0
DA:42,0
DA:43,0
DA:44,0
DA:48,0
DA:49,0
DA:50,0
DA:51,0
DA:52,0
DA:54,0
DA:58,0
DA:59,0
DA:61,0
DA:63,0
DA:64,0
DA:71,0
DA:72,0
DA:73,0
DA:74,0
DA:76,0
DA:77,0
DA:78,0
DA:80,0
DA:88,0
DA:90,0
DA:91,0
DA:93,0
DA:95,0
DA:100,0
DA:101,0
DA:102,0
DA:104,0
DA:105,0
DA:108,0
DA:109,0
DA:112,0
DA:113,0
DA:115,0
DA:134,0
DA:136,0
DA:137,0
DA:138,0
DA:139,0
DA:140,0
DA:142,0
DA:144,0
DA:148,0
DA:149,0
DA:159,0
DA:160,0
DA:170,0
DA:171,0
DA:180,0
DA:197,0
DA:203,0
DA:234,0
DA:237,0
DA:241,0
DA:299,0
DA:313,0
DA:340,0
DA:341,0
DA:342,0
DA:361,0
DA:380,0
DA:402,0
DA:420,0
DA:439,0
DA:478,0
LF:77
LH:0
BRDA:72,0,0,0
BRDA:72,0,1,0
BRDA:88,1,0,0
BRDA:88,1,1,0
BRDA:108,2,0,0
BRDA:108,2,1,0
BRDA:134,3,0,0
BRDA:134,3,1,0
BRDA:148,4,0,0
BRDA:148,4,1,0
BRDA:159,5,0,0
BRDA:159,5,1,0
BRDA:170,6,0,0
BRDA:170,6,1,0
BRDA:212,7,0,0
BRDA:212,7,1,0
BRDA:237,8,0,0
BRDA:237,8,1,0
BRDA:237,9,0,0
BRDA:237,9,1,0
BRDA:275,10,0,0
BRDA:275,10,1,0
BRDA:275,10,2,0
BRDA:280,11,0,0
BRDA:280,11,1,0
BRDA:282,12,0,0
BRDA:282,12,1,0
BRDA:287,13,0,0
BRDA:287,13,1,0
BRDA:329,14,0,0
BRDA:329,14,1,0
BRDA:462,15,0,0
BRDA:462,15,1,0
BRDA:478,16,0,0
BRDA:478,16,1,0
BRDA:483,17,0,0
BRDA:483,17,1,0
BRDA:493,18,0,0
BRDA:493,18,1,0
BRDA:497,19,0,0
BRDA:497,19,1,0
BRDA:522,20,0,0
BRDA:522,20,1,0
BRF:43
BRH:0
end_of_record
TN:
SF:src\pages\ForgotPassword\ForgotPasswordPage.tsx
FN:7,(anonymous_0)
FN:16,(anonymous_1)
FN:55,(anonymous_2)
FN:73,(anonymous_3)
FN:106,(anonymous_4)
FNF:5
FNH:0
FNDA:0,(anonymous_0)
FNDA:0,(anonymous_1)
FNDA:0,(anonymous_2)
FNDA:0,(anonymous_3)
FNDA:0,(anonymous_4)
DA:7,0
DA:8,0
DA:9,0
DA:11,0
DA:12,0
DA:13,0
DA:14,0
DA:16,0
DA:17,0
DA:18,0
DA:20,0
DA:21,0
DA:22,0
DA:23,0
DA:26,0
DA:28,0
DA:29,0
DA:30,0
DA:32,0
DA:34,0
DA:35,0
DA:36,0
DA:37,0
DA:38,0
DA:39,0
DA:41,0
DA:42,0
DA:45,0
DA:49,0
DA:55,0
DA:73,0
DA:106,0
LF:32
LH:0
BRDA:20,0,0,0
BRDA:20,0,1,0
BRDA:34,1,0,0
BRDA:34,1,1,0
BRDA:37,2,0,0
BRDA:37,2,1,0
BRDA:63,3,0,0
BRDA:63,3,1,0
BRDA:91,4,0,0
BRDA:91,4,1,0
BRDA:118,5,0,0
BRDA:118,5,1,0
BRF:12
BRH:0
end_of_record
TN:
SF:src\pages\NewProduct\NewProductPage.tsx
FN:34,(anonymous_0)
FN:39,(anonymous_1)
FN:50,(anonymous_2)
FN:74,(anonymous_3)
FN:82,(anonymous_4)
FN:83,(anonymous_5)
FN:90,(anonymous_6)
FN:95,(anonymous_7)
FN:100,(anonymous_8)
FN:109,(anonymous_9)
FN:160,(anonymous_10)
FN:173,(anonymous_11)
FNF:12
FNH:0
FNDA:0,(anonymous_0)
FNDA:0,(anonymous_1)
FNDA:0,(anonymous_2)
FNDA:0,(anonymous_3)
FNDA:0,(anonymous_4)
FNDA:0,(anonymous_5)
FNDA:0,(anonymous_6)
FNDA:0,(anonymous_7)
FNDA:0,(anonymous_8)
FNDA:0,(anonymous_9)
FNDA:0,(anonymous_10)
FNDA:0,(anonymous_11)
DA:25,0
DA:34,0
DA:39,0
DA:50,0
DA:51,0
DA:54,0
DA:55,0
DA:56,0
DA:57,0
DA:58,0
DA:65,0
DA:74,0
DA:75,0
DA:76,0
DA:77,0
DA:82,0
DA:83,0
DA:84,0
DA:86,0
DA:87,0
DA:89,0
DA:93,0
DA:94,0
DA:97,0
DA:98,0
DA:101,0
DA:102,0
DA:109,0
DA:110,0
DA:112,0
DA:113,0
DA:114,0
DA:117,0
DA:119,0
DA:120,0
DA:121,0
DA:123,0
DA:124,0
DA:126,0
DA:128,0
DA:144,0
DA:145,0
DA:146,0
DA:148,0
DA:149,0
DA:150,0
DA:152,0
DA:154,0
DA:155,0
DA:160,0
DA:161,0
DA:162,0
DA:163,0
DA:164,0
DA:165,0
DA:168,0
DA:173,0
LF:57
LH:0
BRDA:34,0,0,0
BRDA:34,0,1,0
BRDA:39,1,0,0
BRDA:39,1,1,0
BRDA:75,2,0,0
BRDA:75,2,1,0
BRDA:75,3,0,0
BRDA:75,3,1,0
BRDA:112,4,0,0
BRDA:112,4,1,0
BRDA:126,5,0,0
BRDA:126,5,1,0
BRDA:145,6,0,0
BRDA:145,6,1,0
BRDA:146,7,0,0
BRDA:146,7,1,0
BRDA:152,8,0,0
BRDA:152,8,1,0
BRDA:190,9,0,0
BRDA:190,9,1,0
BRDA:207,10,0,0
BRDA:207,10,1,0
BRDA:213,11,0,0
BRDA:213,11,1,0
BRDA:229,12,0,0
BRDA:229,12,1,0
BRDA:235,13,0,0
BRDA:235,13,1,0
BRDA:254,14,0,0
BRDA:254,14,1,0
BRDA:260,15,0,0
BRDA:260,15,1,0
BRDA:278,16,0,0
BRDA:278,16,1,0
BRDA:283,17,0,0
BRDA:283,17,1,0
BRDA:305,18,0,0
BRDA:305,18,1,0
BRDA:320,19,0,0
BRDA:320,19,1,0
BRDA:327,20,0,0
BRDA:327,20,1,0
BRDA:343,21,0,0
BRDA:343,21,1,0
BRDA:350,22,0,0
BRDA:350,22,1,0
BRDA:359,23,0,0
BRDA:359,23,1,0
BRDA:363,24,0,0
BRDA:363,24,1,0
BRDA:396,25,0,0
BRDA:396,25,1,0
BRF:52
BRH:0
end_of_record
TN:
SF:src\pages\Orders\OrdersPage.tsx
FN:9,(anonymous_0)
FN:23,(anonymous_1)
FN:75,(anonymous_2)
FN:84,(anonymous_3)
FN:123,(anonymous_4)
FNF:5
FNH:0
FNDA:0,(anonymous_0)
FNDA:0,(anonymous_1)
FNDA:0,(anonymous_2)
FNDA:0,(anonymous_3)
FNDA:0,(anonymous_4)
DA:9,0
DA:10,0
DA:11,0
DA:12,0
DA:13,0
DA:16,0
DA:18,0
DA:19,0
DA:20,0
DA:21,0
DA:23,0
DA:28,0
DA:33,0
DA:35,0
DA:38,0
DA:43,0
DA:45,0
DA:46,0
DA:48,0
DA:50,0
DA:53,0
DA:57,0
DA:64,0
DA:75,0
DA:85,0
DA:124,0
DA:173,0
LF:27
LH:0
BRDA:16,0,0,0
BRDA:16,0,1,0
BRDA:16,1,0,0
BRDA:16,1,1,0
BRDA:21,2,0,0
BRDA:21,2,1,0
BRDA:33,3,0,0
BRDA:33,3,1,0
BRDA:33,4,0,0
BRDA:33,4,1,0
BRDA:43,5,0,0
BRDA:43,5,1,0
BRDA:43,6,0,0
BRDA:43,6,1,0
BRDA:46,7,0,0
BRDA:46,7,1,0
BRDA:50,8,0,0
BRDA:50,8,1,0
BRDA:64,9,0,0
BRDA:64,9,1,0
BRDA:64,10,0,0
BRDA:64,10,1,0
BRDA:64,10,2,0
BRDA:67,11,0,0
BRDA:67,11,1,0
BRDA:107,12,0,0
BRDA:107,12,1,0
BRDA:128,13,0,0
BRDA:128,13,1,0
BRF:29
BRH:0
end_of_record
TN:
SF:src\pages\ProductDetails\ProductDetailsPage.tsx
FN:8,(anonymous_0)
FN:33,(anonymous_1)
FN:45,(anonymous_2)
FN:49,(anonymous_3)
FN:53,(anonymous_4)
FN:66,(anonymous_5)
FN:8,_temp
FNF:7
FNH:0
FNDA:0,(anonymous_0)
FNDA:0,(anonymous_1)
FNDA:0,(anonymous_2)
FNDA:0,(anonymous_3)
FNDA:0,(anonymous_4)
FNDA:0,(anonymous_5)
FNDA:0,_temp
DA:8,0
DA:9,0
DA:10,0
DA:11,0
DA:12,0
DA:15,0
DA:17,0
DA:19,0
DA:21,0
DA:25,0
DA:27,0
DA:29,0
DA:30,0
DA:31,0
DA:32,0
DA:33,0
DA:37,0
DA:39,0
DA:43,0
DA:45,0
DA:46,0
DA:47,0
DA:49,0
DA:50,0
DA:51,0
DA:53,0
DA:54,0
DA:56,0
DA:57,0
DA:58,0
DA:61,0
DA:65,0
DA:66,0
DA:69,0
DA:70,0
DA:71,0
DA:74,0
DA:77,0
DA:79,0
DA:80,0
DA:83,0
DA:85,0
DA:91,0
DA:93,0
DA:96,0
DA:97,0
DA:99,0
DA:100,0
DA:102,0
DA:104,0
DA:105,0
DA:106,0
DA:107,0
DA:108,0
DA:109,0
DA:112,0
DA:114,0
DA:117,0
DA:118,0
DA:119,0
DA:120,0
DA:121,0
DA:122,0
DA:125,0
DA:126,0
DA:130,0
DA:131,0
DA:134,0
DA:136,0
DA:161,0
DA:164,0
DA:168,0
DA:171,0
DA:175,0
DA:179,0
DA:181,0
DA:182,0
DA:183,0
DA:186,0
DA:189,0
DA:190,0
DA:192,0
DA:194,0
DA:197,0
LF:84
LH:0
BRDA:17,0,0,0
BRDA:17,0,1,0
BRDA:17,1,0,0
BRDA:17,1,1,0
BRDA:25,2,0,0
BRDA:25,2,1,0
BRDA:25,3,0,0
BRDA:25,3,1,0
BRDA:25,4,0,0
BRDA:25,4,1,0
BRDA:31,5,0,0
BRDA:31,5,1,0
BRDA:31,6,0,0
BRDA:31,6,1,0
BRDA:31,7,0,0
BRDA:31,7,1,0
BRDA:37,8,0,0
BRDA:37,8,1,0
BRDA:37,9,0,0
BRDA:37,9,1,0
BRDA:43,10,0,0
BRDA:43,10,1,0
BRDA:43,11,0,0
BRDA:43,11,1,0
BRDA:46,12,0,0
BRDA:46,12,1,0
BRDA:47,13,0,0
BRDA:47,13,1,0
BRDA:50,14,0,0
BRDA:50,14,1,0
BRDA:51,15,0,0
BRDA:51,15,1,0
BRDA:51,16,0,0
BRDA:51,16,1,0
BRDA:51,16,2,0
BRDA:51,16,3,0
BRDA:54,17,0,0
BRDA:54,17,1,0
BRDA:58,18,0,0
BRDA:58,18,1,0
BRDA:66,19,0,0
BRDA:66,19,1,0
BRDA:70,20,0,0
BRDA:70,20,1,0
BRDA:80,21,0,0
BRDA:80,21,1,0
BRDA:80,22,0,0
BRDA:80,22,1,0
BRDA:80,23,0,0
BRDA:80,23,1,0
BRDA:83,24,0,0
BRDA:83,24,1,0
BRDA:85,25,0,0
BRDA:85,25,1,0
BRDA:91,26,0,0
BRDA:91,26,1,0
BRDA:91,27,0,0
BRDA:91,27,1,0
BRDA:93,28,0,0
BRDA:93,28,1,0
BRDA:102,29,0,0
BRDA:102,29,1,0
BRDA:105,30,0,0
BRDA:105,30,1,0
BRDA:106,31,0,0
BRDA:106,31,1,0
BRDA:106,32,0,0
BRDA:106,32,1,0
BRDA:107,33,0,0
BRDA:107,33,1,0
BRDA:108,34,0,0
BRDA:108,34,1,0
BRDA:108,35,0,0
BRDA:108,35,1,0
BRDA:109,36,0,0
BRDA:109,36,1,0
BRDA:114,37,0,0
BRDA:114,37,1,0
BRDA:114,38,0,0
BRDA:114,38,1,0
BRDA:119,39,0,0
BRDA:119,39,1,0
BRDA:120,40,0,0
BRDA:120,40,1,0
BRDA:121,41,0,0
BRDA:121,41,1,0
BRDA:122,42,0,0
BRDA:122,42,1,0
BRDA:126,43,0,0
BRDA:126,43,1,0
BRDA:130,44,0,0
BRDA:130,44,1,0
BRDA:130,45,0,0
BRDA:130,45,1,0
BRDA:130,45,2,0
BRDA:130,45,3,0
BRDA:131,46,0,0
BRDA:131,46,1,0
BRDA:131,47,0,0
BRDA:131,47,1,0
BRDA:131,47,2,0
BRDA:131,47,3,0
BRDA:131,47,4,0
BRDA:136,48,0,0
BRDA:136,48,1,0
BRDA:161,49,0,0
BRDA:161,49,1,0
BRDA:161,50,0,0
BRDA:161,50,1,0
BRDA:164,51,0,0
BRDA:164,51,1,0
BRDA:164,51,2,0
BRDA:176,52,0,0
BRDA:176,52,1,0
BRDA:179,53,0,0
BRDA:179,53,1,0
BRDA:182,54,0,0
BRDA:182,54,1,0
BRDA:182,55,0,0
BRDA:182,55,1,0
BRDA:182,56,0,0
BRDA:182,56,1,0
BRDA:182,56,2,0
BRDA:182,56,3,0
BRDA:183,57,0,0
BRDA:183,57,1,0
BRDA:189,58,0,0
BRDA:189,58,1,0
BRDA:189,59,0,0
BRDA:189,59,1,0
BRDA:189,59,2,0
BRDA:190,60,0,0
BRDA:190,60,1,0
BRDA:190,61,0,0
BRDA:190,61,1,0
BRDA:192,62,0,0
BRDA:192,62,1,0
BRDA:192,63,0,0
BRDA:192,63,1,0
BRDA:194,64,0,0
BRDA:194,64,1,0
BRDA:194,65,0,0
BRDA:194,65,1,0
BRF:143
BRH:0
end_of_record
TN:
SF:src\pages\error\index.tsx
FN:3,(anonymous_0)
FNF:1
FNH:0
FNDA:0,(anonymous_0)
DA:3,0
DA:5,0
DA:13,0
LF:3
LH:0
BRDA:3,0,0,0
BRDA:3,0,1,0
BRF:2
BRH:0
end_of_record
TN:
SF:src\pages\home\Home.tsx
FN:17,(anonymous_0)
FN:49,(anonymous_1)
FN:131,(anonymous_2)
FN:157,(anonymous_3)
FN:179,(anonymous_4)
FN:190,(anonymous_5)
FN:196,(anonymous_6)
FN:219,(anonymous_7)
FN:236,(anonymous_8)
FN:240,(anonymous_9)
FN:318,(anonymous_10)
FN:335,(anonymous_11)
FN:17,_temp
FNF:13
FNH:0
FNDA:0,(anonymous_0)
FNDA:0,(anonymous_1)
FNDA:0,(anonymous_2)
FNDA:0,(anonymous_3)
FNDA:0,(anonymous_4)
FNDA:0,(anonymous_5)
FNDA:0,(anonymous_6)
FNDA:0,(anonymous_7)
FNDA:0,(anonymous_8)
FNDA:0,(anonymous_9)
FNDA:0,(anonymous_10)
FNDA:0,(anonymous_11)
FNDA:0,_temp
DA:17,0
DA:18,0
DA:19,0
DA:23,0
DA:26,0
DA:29,0
DA:35,0
DA:39,0
DA:42,0
DA:43,0
DA:44,0
DA:45,0
DA:49,0
DA:51,0
DA:55,0
DA:58,0
DA:61,0
DA:65,0
DA:67,0
DA:72,0
DA:77,0
DA:79,0
DA:80,0
DA:82,0
DA:84,0
DA:89,0
DA:91,0
DA:95,0
DA:97,0
DA:100,0
DA:102,0
DA:104,0
DA:106,0
DA:107,0
DA:114,0
DA:118,0
DA:121,0
DA:122,0
DA:124,0
DA:125,0
DA:127,0
DA:131,0
DA:135,0
DA:138,0
DA:141,0
DA:142,0
DA:145,0
DA:146,0
DA:147,0
DA:150,0
DA:152,0
DA:154,0
DA:157,0
DA:163,0
DA:164,0
DA:165,0
DA:166,0
DA:167,0
DA:169,0
DA:170,0
DA:171,0
DA:172,0
DA:173,0
DA:178,0
DA:179,0
DA:181,0
DA:182,0
DA:183,0
DA:184,0
DA:185,0
DA:186,0
DA:189,0
DA:191,0
DA:196,0
DA:207,0
DA:210,0
DA:220,0
DA:221,0
DA:228,0
DA:229,0
DA:232,0
DA:236,0
DA:237,0
DA:240,0
DA:241,0
DA:243,0
DA:247,0
DA:318,0
DA:335,0
DA:357,0
DA:358,0
DA:360,0
LF:92
LH:0
BRDA:26,0,0,0
BRDA:26,0,1,0
BRDA:43,1,0,0
BRDA:43,1,1,0
BRDA:43,2,0,0
BRDA:43,2,1,0
BRDA:45,3,0,0
BRDA:45,3,1,0
BRDA:45,4,0,0
BRDA:45,4,1,0
BRDA:45,4,2,0
BRDA:45,4,3,0
BRDA:45,5,0,0
BRDA:45,5,1,0
BRDA:45,6,0,0
BRDA:45,6,1,0
BRDA:45,6,2,0
BRDA:51,7,0,0
BRDA:51,7,1,0
BRDA:55,8,0,0
BRDA:55,8,1,0
BRDA:60,9,0,0
BRDA:60,9,1,0
BRDA:60,9,2,0
BRDA:65,10,0,0
BRDA:65,10,1,0
BRDA:65,11,0,0
BRDA:65,11,1,0
BRDA:77,12,0,0
BRDA:77,12,1,0
BRDA:77,13,0,0
BRDA:77,13,1,0
BRDA:82,14,0,0
BRDA:82,14,1,0
BRDA:89,15,0,0
BRDA:89,15,1,0
BRDA:89,16,0,0
BRDA:89,16,1,0
BRDA:97,17,0,0
BRDA:97,17,1,0
BRDA:104,18,0,0
BRDA:104,18,1,0
BRDA:114,19,0,0
BRDA:114,19,1,0
BRDA:114,20,0,0
BRDA:114,20,1,0
BRDA:118,21,0,0
BRDA:118,21,1,0
BRDA:127,22,0,0
BRDA:127,22,1,0
BRDA:131,23,0,0
BRDA:131,23,1,0
BRDA:131,24,0,0
BRDA:131,24,1,0
BRDA:135,25,0,0
BRDA:135,25,1,0
BRDA:141,26,0,0
BRDA:141,26,1,0
BRDA:142,27,0,0
BRDA:142,27,1,0
BRDA:150,28,0,0
BRDA:150,28,1,0
BRDA:150,29,0,0
BRDA:150,29,1,0
BRDA:154,30,0,0
BRDA:154,30,1,0
BRDA:163,31,0,0
BRDA:163,31,1,0
BRDA:163,32,0,0
BRDA:163,32,1,0
BRDA:165,33,0,0
BRDA:165,33,1,0
BRDA:166,34,0,0
BRDA:166,34,1,0
BRDA:166,35,0,0
BRDA:166,35,1,0
BRDA:167,36,0,0
BRDA:167,36,1,0
BRDA:167,37,0,0
BRDA:167,37,1,0
BRDA:170,38,0,0
BRDA:170,38,1,0
BRDA:171,39,0,0
BRDA:171,39,1,0
BRDA:171,40,0,0
BRDA:171,40,1,0
BRDA:178,41,0,0
BRDA:178,41,1,0
BRDA:178,42,0,0
BRDA:178,42,1,0
BRDA:179,43,0,0
BRDA:179,43,1,0
BRDA:179,44,0,0
BRDA:179,44,1,0
BRDA:181,45,0,0
BRDA:181,45,1,0
BRDA:183,46,0,0
BRDA:183,46,1,0
BRDA:183,47,0,0
BRDA:183,47,1,0
BRDA:184,48,0,0
BRDA:184,48,1,0
BRDA:185,49,0,0
BRDA:185,49,1,0
BRDA:185,50,0,0
BRDA:185,50,1,0
BRDA:185,50,2,0
BRDA:186,51,0,0
BRDA:186,51,1,0
BRDA:186,52,0,0
BRDA:186,52,1,0
BRDA:198,53,0,0
BRDA:198,53,1,0
BRDA:207,54,0,0
BRDA:207,54,1,0
BRDA:207,55,0,0
BRDA:207,55,1,0
BRDA:207,55,2,0
BRDA:210,56,0,0
BRDA:210,56,1,0
BRDA:228,57,0,0
BRDA:228,57,1,0
BRDA:228,58,0,0
BRDA:228,58,1,0
BRDA:228,58,2,0
BRDA:228,58,3,0
BRDA:229,59,0,0
BRDA:229,59,1,0
BRDA:229,60,0,0
BRDA:229,60,1,0
BRDA:229,60,2,0
BRDA:229,60,3,0
BRDA:229,60,4,0
BRDA:229,61,0,0
BRDA:229,61,1,0
BRDA:229,62,0,0
BRDA:229,62,1,0
BRDA:229,62,2,0
BRDA:229,62,3,0
BRDA:243,63,0,0
BRDA:243,63,1,0
BRDA:247,64,0,0
BRDA:247,64,1,0
BRDA:258,65,0,0
BRDA:258,65,1,0
BRDA:258,65,2,0
BRDA:267,66,0,0
BRDA:267,66,1,0
BRDA:276,67,0,0
BRDA:276,67,1,0
BRDA:294,68,0,0
BRDA:294,68,1,0
BRDA:294,68,2,0
BRDA:320,69,0,0
BRDA:320,69,1,0
BRDA:325,70,0,0
BRDA:325,70,1,0
BRDA:334,71,0,0
BRDA:334,71,1,0
BRDA:337,72,0,0
BRDA:337,72,1,0
BRDA:342,73,0,0
BRDA:342,73,1,0
BRDA:344,74,0,0
BRDA:344,74,1,0
BRDA:346,75,0,0
BRDA:346,75,1,0
BRDA:357,76,0,0
BRDA:357,76,1,0
BRDA:358,77,0,0
BRDA:358,77,1,0
BRDA:358,78,0,0
BRDA:358,78,1,0
BRDA:358,78,2,0
BRF:174
BRH:0
end_of_record
TN:
SF:src\pages\login\login.tsx
FN:16,(anonymous_0)
FN:25,(anonymous_1)
FN:26,(anonymous_2)
FN:26,(anonymous_3)
FN:34,(anonymous_4)
FN:45,(anonymous_5)
FN:61,(anonymous_6)
FN:78,(anonymous_7)
FN:121,(anonymous_8)
FN:122,(anonymous_9)
FN:203,(anonymous_10)
FN:216,(anonymous_11)
FN:270,(anonymous_12)
FNF:13
FNH:0
FNDA:0,(anonymous_0)
FNDA:0,(anonymous_1)
FNDA:0,(anonymous_2)
FNDA:0,(anonymous_3)
FNDA:0,(anonymous_4)
FNDA:0,(anonymous_5)
FNDA:0,(anonymous_6)
FNDA:0,(anonymous_7)
FNDA:0,(anonymous_8)
FNDA:0,(anonymous_9)
FNDA:0,(anonymous_10)
FNDA:0,(anonymous_11)
FNDA:0,(anonymous_12)
DA:16,0
DA:18,0
DA:23,0
DA:25,0
DA:26,0
DA:27,0
DA:28,0
DA:30,0
DA:31,0
DA:34,0
DA:36,0
DA:37,0
DA:39,0
DA:41,0
DA:45,0
DA:47,0
DA:49,0
DA:50,0
DA:51,0
DA:52,0
DA:55,0
DA:56,0
DA:57,0
DA:59,0
DA:61,0
DA:62,0
DA:63,0
DA:64,0
DA:65,0
DA:66,0
DA:68,0
DA:69,0
DA:73,0
DA:78,0
DA:79,0
DA:80,0
DA:83,0
DA:84,0
DA:85,0
DA:88,0
DA:89,0
DA:90,0
DA:93,0
DA:95,0
DA:97,0
DA:98,0
DA:99,0
DA:100,0
DA:101,0
DA:103,0
DA:105,0
DA:110,0
DA:111,0
DA:114,0
DA:115,0
DA:116,0
DA:117,0
DA:121,0
DA:122,0
DA:123,0
DA:124,0
DA:125,0
DA:126,0
DA:127,0
DA:129,0
DA:133,0
DA:139,0
DA:144,0
DA:145,0
DA:146,0
DA:147,0
DA:148,0
DA:152,0
DA:157,0
DA:161,0
DA:162,0
DA:172,0
DA:203,0
DA:216,0
DA:270,0
LF:80
LH:0
BRDA:18,0,0,0
BRDA:18,0,1,0
BRDA:23,1,0,0
BRDA:23,1,1,0
BRDA:30,2,0,0
BRDA:30,2,1,0
BRDA:30,3,0,0
BRDA:30,3,1,0
BRDA:34,4,0,0
BRDA:34,4,1,0
BRDA:39,5,0,0
BRDA:39,5,1,0
BRDA:68,6,0,0
BRDA:68,6,1,0
BRDA:83,7,0,0
BRDA:83,7,1,0
BRDA:83,8,0,0
BRDA:83,8,1,0
BRDA:88,9,0,0
BRDA:88,9,1,0
BRDA:93,10,0,0
BRDA:93,10,1,0
BRDA:105,11,0,0
BRDA:105,11,1,0
BRDA:106,12,0,0
BRDA:106,12,1,0
BRDA:106,12,2,0
BRDA:114,13,0,0
BRDA:114,13,1,0
BRDA:123,14,0,0
BRDA:123,14,1,0
BRDA:139,15,0,0
BRDA:139,15,1,0
BRDA:140,16,0,0
BRDA:140,16,1,0
BRDA:140,16,2,0
BRDA:145,17,0,0
BRDA:145,17,1,0
BRDA:147,18,0,0
BRDA:147,18,1,0
BRDA:161,19,0,0
BRDA:161,19,1,0
BRDA:186,20,0,0
BRDA:186,20,1,0
BRDA:186,20,2,0
BRDA:188,21,0,0
BRDA:188,21,1,0
BRDA:289,22,0,0
BRDA:289,22,1,0
BRDA:291,23,0,0
BRDA:291,23,1,0
BRDA:291,24,0,0
BRDA:291,24,1,0
BRDA:292,25,0,0
BRDA:292,25,1,0
BRDA:294,26,0,0
BRDA:294,26,1,0
BRDA:296,27,0,0
BRDA:296,27,1,0
BRDA:296,27,2,0
BRF:60
BRH:0
end_of_record
TN:
SF:src\pages\register\register.tsx
FN:17,(anonymous_0)
FN:26,(anonymous_1)
FN:27,(anonymous_2)
FN:27,(anonymous_3)
FN:35,(anonymous_4)
FN:46,(anonymous_5)
FN:57,(anonymous_6)
FN:139,(anonymous_7)
FN:152,(anonymous_8)
FN:165,(anonymous_9)
FNF:10
FNH:0
FNDA:0,(anonymous_0)
FNDA:0,(anonymous_1)
FNDA:0,(anonymous_2)
FNDA:0,(anonymous_3)
FNDA:0,(anonymous_4)
FNDA:0,(anonymous_5)
FNDA:0,(anonymous_6)
FNDA:0,(anonymous_7)
FNDA:0,(anonymous_8)
FNDA:0,(anonymous_9)
DA:17,0
DA:19,0
DA:24,0
DA:26,0
DA:27,0
DA:28,0
DA:29,0
DA:31,0
DA:32,0
DA:35,0
DA:37,0
DA:38,0
DA:40,0
DA:42,0
DA:46,0
DA:47,0
DA:49,0
DA:50,0
DA:51,0
DA:52,0
DA:53,0
DA:55,0
DA:57,0
DA:58,0
DA:59,0
DA:62,0
DA:63,0
DA:64,0
DA:67,0
DA:68,0
DA:69,0
DA:72,0
DA:74,0
DA:75,0
DA:76,0
DA:77,0
DA:79,0
DA:81,0
DA:85,0
DA:86,0
DA:87,0
DA:89,0
DA:94,0
DA:98,0
DA:99,0
DA:109,0
DA:139,0
DA:152,0
DA:165,0
LF:49
LH:0
BRDA:19,0,0,0
BRDA:19,0,1,0
BRDA:24,1,0,0
BRDA:24,1,1,0
BRDA:31,2,0,0
BRDA:31,2,1,0
BRDA:31,3,0,0
BRDA:31,3,1,0
BRDA:35,4,0,0
BRDA:35,4,1,0
BRDA:40,5,0,0
BRDA:40,5,1,0
BRDA:62,6,0,0
BRDA:62,6,1,0
BRDA:62,7,0,0
BRDA:62,7,1,0
BRDA:62,7,2,0
BRDA:67,8,0,0
BRDA:67,8,1,0
BRDA:81,9,0,0
BRDA:81,9,1,0
BRDA:82,10,0,0
BRDA:82,10,1,0
BRDA:86,11,0,0
BRDA:86,11,1,0
BRDA:98,12,0,0
BRDA:98,12,1,0
BRDA:123,13,0,0
BRDA:123,13,1,0
BRDA:123,13,2,0
BRDA:125,14,0,0
BRDA:125,14,1,0
BRDA:181,15,0,0
BRDA:181,15,1,0
BRDA:181,16,0,0
BRDA:181,16,1,0
BRDA:183,17,0,0
BRDA:183,17,1,0
BRDA:185,18,0,0
BRDA:185,18,1,0
BRDA:185,18,2,0
BRDA:185,18,3,0
BRF:42
BRH:0
end_of_record
TN:
SF:src\routes\Private.tsx
FN:9,(anonymous_0)
FNF:1
FNH:0
FNDA:0,(anonymous_0)
DA:9,0
DA:11,0
DA:13,0
DA:14,0
DA:17,0
LF:5
LH:0
BRDA:13,0,0,0
BRDA:13,0,1,0
BRDA:13,1,0,0
BRDA:13,1,1,0
BRDA:13,2,0,0
BRDA:13,2,1,0
BRDA:17,3,0,0
BRDA:17,3,1,0
BRDA:17,4,0,0
BRDA:17,4,1,0
BRDA:17,5,0,0
BRDA:17,5,1,0
BRF:12
BRH:0
end_of_record
TN:
SF:src\services\AuthService.ts
FN:16,(anonymous_0)
FN:38,(anonymous_1)
FN:51,(anonymous_2)
FN:71,(anonymous_3)
FN:93,(anonymous_4)
FNF:5
FNH:0
FNDA:0,(anonymous_0)
FNDA:0,(anonymous_1)
FNDA:0,(anonymous_2)
FNDA:0,(anonymous_3)
FNDA:0,(anonymous_4)
DA:16,0
DA:20,0
DA:21,0
DA:23,0
DA:24,0
DA:31,0
DA:32,0
DA:35,0
DA:38,0
DA:39,0
DA:40,0
DA:45,0
DA:51,0
DA:52,0
DA:53,0
DA:56,0
DA:58,0
DA:59,0
DA:62,0
DA:64,0
DA:66,0
DA:67,0
DA:71,0
DA:76,0
DA:77,0
DA:84,0
DA:87,0
DA:89,0
DA:93,0
DA:94,0
DA:95,0
DA:98,0
DA:101,0
DA:103,0
DA:104,0
DA:106,0
DA:110,0
LF:37
LH:0
BRDA:23,0,0,0
BRDA:23,0,1,0
BRDA:26,1,0,0
BRDA:26,1,1,0
BRDA:26,1,2,0
BRDA:27,2,0,0
BRDA:27,2,1,0
BRDA:94,3,0,0
BRDA:94,3,1,0
BRDA:94,4,0,0
BRDA:94,4,1,0
BRF:11
BRH:0
end_of_record
TN:
SF:src\services\UserService.ts
FN:6,(anonymous_0)
FN:23,(anonymous_1)
FN:27,(anonymous_2)
FNF:3
FNH:0
FNDA:0,(anonymous_0)
FNDA:0,(anonymous_1)
FNDA:0,(anonymous_2)
DA:6,0
DA:7,0
DA:14,0
DA:15,0
DA:16,0
DA:19,0
DA:23,0
DA:24,0
DA:25,0
DA:26,0
DA:27,0
DA:28,0
DA:31,0
DA:32,0
LF:14
LH:0
BRDA:10,0,0,0
BRDA:10,0,1,0
BRDA:28,1,0,0
BRDA:28,1,1,0
BRF:4
BRH:0
end_of_record
TN:
SF:src\services\cartService.ts
FN:6,(anonymous_0)
FN:26,(anonymous_1)
FNF:2
FNH:0
FNDA:0,(anonymous_0)
FNDA:0,(anonymous_1)
DA:6,0
DA:7,0
DA:9,0
DA:10,0
DA:11,0
DA:18,0
DA:20,0
DA:21,0
DA:26,0
DA:27,0
DA:29,0
DA:30,0
DA:31,0
DA:33,0
DA:34,0
DA:35,0
DA:37,0
DA:39,0
DA:40,0
LF:19
LH:0
BRDA:7,0,0,0
BRDA:7,0,1,0
BRDA:27,1,0,0
BRDA:27,1,1,0
BRDA:33,2,0,0
BRDA:33,2,1,0
BRDA:35,3,0,0
BRDA:35,3,1,0
BRF:8
BRH:0
end_of_record
TN:
SF:src\services\couponService.ts
FN:10,(anonymous_0)
FN:12,(anonymous_1)
FN:14,(anonymous_2)
FNF:3
FNH:0
FNDA:0,(anonymous_0)
FNDA:0,(anonymous_1)
FNDA:0,(anonymous_2)
DA:4,0
DA:10,0
DA:12,0
DA:14,0
DA:16,0
DA:17,0
DA:20,0
LF:7
LH:0
BRDA:16,0,0,0
BRDA:16,0,1,0
BRF:2
BRH:0
end_of_record
TN:
SF:src\services\firebaseConnection.ts
FNF:0
FNH:0
DA:5,0
DA:14,0
DA:15,0
DA:16,0
LF:4
LH:0
BRF:0
BRH:0
end_of_record
TN:
SF:src\services\ordersService.ts
FN:7,(anonymous_0)
FN:20,(anonymous_1)
FNF:2
FNH:0
FNDA:0,(anonymous_0)
FNDA:0,(anonymous_1)
DA:5,0
DA:7,0
DA:8,0
DA:10,0
DA:12,0
DA:18,0
DA:20,0
DA:25,0
DA:26,0
LF:9
LH:0
BRDA:8,0,0,0
BRDA:8,0,1,0
BRF:2
BRH:0
end_of_record
TN:
SF:src\services\productsService.ts
FN:8,(anonymous_0)
FN:13,(anonymous_1)
FN:24,(anonymous_2)
FNF:3
FNH:3
FNDA:2,(anonymous_0)
FNDA:2,(anonymous_1)
FNDA:2,(anonymous_2)
DA:5,1
DA:8,1
DA:9,2
DA:10,2
DA:11,2
DA:13,2
DA:18,1
DA:19,1
DA:24,1
DA:25,2
DA:26,2
DA:27,2
DA:29,2
DA:31,1
DA:33,1
LF:15
LH:15
BRDA:29,0,0,1
BRDA:29,0,1,1
BRDA:33,1,0,1
BRDA:33,1,1,0
BRF:4
BRH:3
end_of_record
TN:
SF:src\services\stripeService.ts
FN:11,(anonymous_0)
FNF:1
FNH:0
FNDA:0,(anonymous_0)
DA:5,0
DA:11,0
DA:16,0
DA:17,0
DA:19,0
DA:20,0
DA:32,0
DA:33,0
DA:34,0
DA:37,0
DA:38,0
DA:40,0
DA:41,0
LF:13
LH:0
BRDA:16,0,0,0
BRDA:16,0,1,0
BRDA:17,1,0,0
BRDA:17,1,1,0
BRDA:28,2,0,0
BRDA:28,2,1,0
BRDA:32,3,0,0
BRDA:32,3,1,0
BRDA:34,4,0,0
BRDA:34,4,1,0
BRDA:41,5,0,0
BRDA:41,5,1,0
BRF:12
BRH:0
end_of_record
TN:
SF:src\types\glowstack.ts.ts
FNF:0
FNH:0
LF:0
LH:0
BRF:0
BRH:0
end_of_record
