TN:
SF:src\appFactory.js
FN:15,(anonymous_0)
FN:43,(anonymous_1)
FN:50,(anonymous_2)
FN:54,(anonymous_3)
FNF:4
FNH:1
FNDA:6,(anonymous_0)
FNDA:0,(anonymous_1)
FNDA:0,(anonymous_2)
FNDA:0,(anonymous_3)
DA:15,1
DA:16,6
DA:18,6
DA:20,6
DA:32,6
DA:35,6
DA:38,6
DA:39,6
DA:40,6
DA:43,6
DA:44,0
DA:47,6
DA:50,1
DA:51,0
DA:52,0
DA:54,0
DA:55,0
LF:17
LH:12
BRDA:52,0,0,0
BRDA:52,0,1,0
BRF:2
BRH:0
end_of_record
TN:
SF:src\config\firebaseAdmin.js
FNF:0
FNH:0
DA:9,1
DA:10,1
DA:14,1
DA:20,1
DA:21,0
DA:24,0
DA:28,1
DA:30,1
DA:34,1
DA:35,1
LF:10
LH:8
BRDA:20,0,0,0
BRDA:20,0,1,1
BRF:2
BRH:1
end_of_record
TN:
SF:src\config\stripe.js
FNF:0
FNH:0
DA:4,1
DA:6,1
DA:7,0
DA:11,1
LF:4
LH:3
BRDA:6,0,0,0
BRDA:6,0,1,1
BRDA:11,1,0,1
BRDA:11,1,1,0
BRF:4
BRH:2
end_of_record
TN:
SF:src\middlewares\authMiddleware.js
FN:7,(anonymous_0)
FNF:1
FNH:0
FNDA:0,(anonymous_0)
DA:4,1
DA:7,1
DA:8,0
DA:10,0
DA:11,0
DA:14,0
DA:16,0
DA:18,0
DA:21,0
DA:22,0
DA:25,0
DA:26,0
DA:28,0
DA:29,0
LF:14
LH:2
BRDA:10,0,0,0
BRDA:10,0,1,0
BRDA:10,1,0,0
BRDA:10,1,1,0
BRDA:21,2,0,0
BRDA:21,2,1,0
BRF:6
BRH:0
end_of_record
TN:
SF:src\middlewares\authMiddleware.test.js
FN:6,(anonymous_0)
FN:8,(anonymous_1)
FN:17,(anonymous_2)
FN:20,(anonymous_3)
FN:29,(anonymous_4)
FN:37,(anonymous_5)
FN:50,(anonymous_6)
FNF:7
FNH:0
FNDA:0,(anonymous_0)
FNDA:0,(anonymous_1)
FNDA:0,(anonymous_2)
FNDA:0,(anonymous_3)
FNDA:0,(anonymous_4)
FNDA:0,(anonymous_5)
FNDA:0,(anonymous_6)
DA:6,0
DA:8,0
DA:15,0
DA:17,0
DA:20,0
DA:21,0
DA:22,0
DA:26,0
DA:29,0
DA:30,0
DA:32,0
DA:33,0
DA:34,0
DA:37,0
DA:38,0
DA:41,0
DA:43,0
DA:45,0
DA:46,0
DA:47,0
DA:50,0
DA:51,0
DA:54,0
DA:56,0
DA:58,0
DA:59,0
LF:26
LH:0
BRF:0
BRH:0
end_of_record
TN:
SF:src\routes\adminRoutes.js
FN:10,(anonymous_0)
FN:54,(anonymous_1)
FN:117,(anonymous_2)
FN:169,(anonymous_3)
FN:196,(anonymous_4)
FN:215,(anonymous_5)
FNF:6
FNH:0
FNDA:0,(anonymous_0)
FNDA:0,(anonymous_1)
FNDA:0,(anonymous_2)
FNDA:0,(anonymous_3)
FNDA:0,(anonymous_4)
FNDA:0,(anonymous_5)
DA:7,1
DA:10,1
DA:11,0
DA:12,0
DA:15,0
DA:16,0
DA:22,0
DA:23,0
DA:24,0
DA:26,0
DA:27,0
DA:33,0
DA:37,0
DA:41,0
DA:42,0
DA:54,1
DA:55,0
DA:58,0
DA:66,0
DA:71,0
DA:72,0
DA:75,0
DA:82,0
DA:89,0
DA:90,0
DA:103,0
DA:105,0
DA:111,0
DA:112,0
DA:117,1
DA:118,0
DA:119,0
DA:121,0
DA:122,0
DA:125,0
DA:126,0
DA:127,0
DA:129,0
DA:130,0
DA:133,0
DA:134,0
DA:137,0
DA:138,0
DA:141,0
DA:142,0
DA:147,0
DA:152,0
DA:162,0
DA:164,0
DA:169,1
DA:170,0
DA:172,0
DA:173,0
DA:174,0
DA:176,0
DA:177,0
DA:180,0
DA:183,0
DA:188,0
DA:190,0
DA:192,0
DA:196,1
DA:197,0
DA:199,0
DA:200,0
DA:202,0
DA:203,0
DA:211,0
DA:212,0
DA:215,0
DA:216,0
DA:217,0
DA:220,0
DA:229,0
DA:232,0
DA:237,0
DA:245,0
DA:246,0
LF:78
LH:6
BRDA:15,0,0,0
BRDA:15,0,1,0
BRDA:15,1,0,0
BRDA:15,1,1,0
BRDA:26,2,0,0
BRDA:26,2,1,0
BRDA:58,3,0,0
BRDA:58,3,1,0
BRDA:59,4,0,0
BRDA:59,4,1,0
BRDA:59,4,2,0
BRDA:59,4,3,0
BRDA:59,4,4,0
BRDA:59,4,5,0
BRDA:121,5,0,0
BRDA:121,5,1,0
BRDA:121,6,0,0
BRDA:121,6,1,0
BRDA:121,6,2,0
BRDA:121,6,3,0
BRDA:121,6,4,0
BRDA:129,7,0,0
BRDA:129,7,1,0
BRDA:137,8,0,0
BRDA:137,8,1,0
BRDA:137,9,0,0
BRDA:137,9,1,0
BRDA:141,10,0,0
BRDA:141,10,1,0
BRDA:156,11,0,0
BRDA:156,11,1,0
BRDA:159,12,0,0
BRDA:159,12,1,0
BRDA:176,13,0,0
BRDA:176,13,1,0
BRDA:202,14,0,0
BRDA:202,14,1,0
BRDA:225,15,0,0
BRDA:225,15,1,0
BRDA:232,16,0,0
BRDA:232,16,1,0
BRF:41
BRH:0
end_of_record
TN:
SF:src\routes\checkoutRoutes.js
FN:8,(anonymous_0)
FNF:1
FNH:1
FNDA:4,(anonymous_0)
DA:6,1
DA:8,1
DA:9,4
DA:12,4
DA:16,4
DA:17,1
DA:22,3
DA:23,3
DA:25,3
DA:26,3
DA:27,3
DA:29,3
DA:30,3
DA:35,0
DA:37,0
DA:38,0
DA:43,0
DA:49,0
DA:61,0
DA:62,0
DA:70,0
DA:72,0
DA:74,0
DA:76,0
DA:77,0
DA:81,0
LF:26
LH:13
BRDA:16,0,0,1
BRDA:16,0,1,3
BRDA:16,1,0,4
BRDA:16,1,1,3
BRDA:16,1,2,3
BRDA:16,1,3,3
BRDA:29,2,0,3
BRDA:29,2,1,0
BRDA:37,3,0,0
BRDA:37,3,1,0
BRDA:61,4,0,0
BRDA:61,4,1,0
BRDA:76,5,0,0
BRDA:76,5,1,0
BRF:14
BRH:7
end_of_record
TN:
SF:src\routes\logRoutes.js
FN:7,(anonymous_0)
FNF:1
FNH:0
FNDA:0,(anonymous_0)
DA:5,1
DA:7,1
DA:8,0
DA:11,0
DA:12,0
DA:15,0
DA:16,0
DA:18,0
DA:31,0
DA:34,0
DA:36,0
DA:38,0
DA:39,0
LF:13
LH:2
BRDA:11,0,0,0
BRDA:11,0,1,0
BRDA:21,1,0,0
BRDA:21,1,1,0
BRDA:22,2,0,0
BRDA:22,2,1,0
BRDA:23,3,0,0
BRDA:23,3,1,0
BRDA:24,4,0,0
BRDA:24,4,1,0
BRDA:25,5,0,0
BRDA:25,5,1,0
BRDA:27,6,0,0
BRDA:27,6,1,0
BRF:14
BRH:0
end_of_record
TN:
SF:src\routes\webhookRoutes.js
FN:18,(anonymous_0)
FN:36,(anonymous_1)
FN:180,(anonymous_2)
FNF:3
FNH:1
FNDA:2,(anonymous_0)
FNDA:0,(anonymous_1)
FNDA:0,(anonymous_2)
DA:12,1
DA:15,1
DA:19,2
DA:20,2
DA:24,2
DA:25,2
DA:27,2
DA:30,0
DA:31,0
DA:33,0
DA:34,0
DA:36,0
DA:37,0
DA:40,0
DA:41,0
DA:43,0
DA:44,0
DA:45,0
DA:49,0
DA:50,0
DA:55,0
DA:56,0
DA:57,0
DA:59,0
DA:60,0
DA:61,0
DA:63,0
DA:64,0
DA:69,0
DA:71,0
DA:80,0
DA:86,0
DA:87,0
DA:96,0
DA:97,0
DA:107,0
DA:111,0
DA:114,0
DA:134,0
DA:137,0
DA:138,0
DA:140,0
DA:146,0
DA:147,0
DA:149,0
DA:152,0
DA:159,0
DA:163,0
DA:170,0
DA:171,0
DA:172,0
DA:174,0
DA:178,0
DA:180,0
DA:182,0
DA:183,0
DA:187,0
DA:188,0
DA:191,0
DA:196,0
DA:203,0
DA:206,0
DA:217,0
DA:221,0
DA:225,0
DA:232,0
LF:66
LH:7
BRDA:20,0,0,2
BRDA:20,0,1,0
BRDA:30,1,0,0
BRDA:30,1,1,0
BRDA:49,2,0,0
BRDA:49,2,1,0
BRDA:59,3,0,0
BRDA:59,3,1,0
BRDA:63,4,0,0
BRDA:63,4,1,0
BRDA:76,5,0,0
BRDA:76,5,1,0
BRDA:88,6,0,0
BRDA:88,6,1,0
BRDA:89,7,0,0
BRDA:89,7,1,0
BRDA:90,8,0,0
BRDA:90,8,1,0
BRDA:91,9,0,0
BRDA:91,9,1,0
BRDA:92,10,0,0
BRDA:92,10,1,0
BRDA:93,11,0,0
BRDA:93,11,1,0
BRDA:119,12,0,0
BRDA:119,12,1,0
BRDA:120,13,0,0
BRDA:120,13,1,0
BRDA:122,14,0,0
BRDA:122,14,1,0
BRDA:123,15,0,0
BRDA:123,15,1,0
BRDA:125,16,0,0
BRDA:125,16,1,0
BRDA:127,17,0,0
BRDA:127,17,1,0
BRDA:127,17,2,0
BRDA:146,18,0,0
BRDA:146,18,1,0
BRDA:146,19,0,0
BRDA:146,19,1,0
BRDA:149,20,0,0
BRDA:149,20,1,0
BRDA:170,21,0,0
BRDA:170,21,1,0
BRDA:187,22,0,0
BRDA:187,22,1,0
BRDA:209,23,0,0
BRDA:209,23,1,0
BRDA:212,24,0,0
BRDA:212,24,1,0
BRF:51
BRH:1
end_of_record
TN:
SF:src\services\emailService.js
FN:15,(anonymous_0)
FN:22,(anonymous_1)
FN:24,(anonymous_2)
FNF:3
FNH:0
FNDA:0,(anonymous_0)
FNDA:0,(anonymous_1)
FNDA:0,(anonymous_2)
DA:5,1
DA:15,1
DA:16,0
DA:22,1
DA:24,0
DA:38,0
DA:113,0
DA:114,0
DA:120,0
DA:122,0
LF:10
LH:3
BRDA:6,0,0,1
BRDA:6,0,1,0
BRDA:7,1,0,1
BRDA:7,1,1,0
BRF:4
BRH:2
end_of_record
